<?xml version="1.0" encoding="UTF-8"?>
<!-- Generated by org.testng.reporters.JUnitReportReporter -->
<testsuite hostname="home-laptop" failures="0" tests="1" name="com.eshop.tests.TC_loginPage" time="38.156" errors="0" timestamp="2023-06-21T18:03:48 IST" skipped="0">
  <testcase classname="com.eshop.tests.TC_loginPage" name="loginTest" time="38.156"/>
  <system-out/>
</testsuite> <!-- com.eshop.tests.TC_loginPage -->
